# JRE version: Java(TM) SE Runtime Environment 18.9 (11.0.14+8) (build 11.0.14+8-LTS-263)
# Java VM: Java HotSpot(TM) 64-Bit Server VM 18.9 (11.0.14+8-LTS-263, mixed mode, tiered, compressed oops, g1 gc, bsd-amd64)
Heap:
 garbage-first heap   total 315392K, used 60371K [0x0000000700000000, 0x0000000800000000)
  region size 1024K, 42 young (43008K), 16 survivors (16384K)
 Metaspace       used 71943K, capacity 73896K, committed 74160K, reserved 1114112K
  class space    used 9360K, capacity 10139K, committed 10240K, reserved 1048576K
GC Heap History (10 events):
Event: 4.019 GC heap before
{Heap before GC invocations=4 (full 0):
 garbage-first heap   total 262144K, used 159628K [0x0000000700000000, 0x0000000800000000)
  region size 1024K, 147 young (150528K), 5 survivors (5120K)
 Metaspace       used 34063K, capacity 34956K, committed 35248K, reserved 1079296K
  class space    used 4167K, capacity 4536K, committed 4608K, reserved 1048576K
}
Event: 4.035 GC heap after
{Heap after GC invocations=5 (full 0):
 garbage-first heap   total 262144K, used 17615K [0x0000000700000000, 0x0000000800000000)
  region size 1024K, 9 young (9216K), 9 survivors (9216K)
 Metaspace       used 34063K, capacity 34956K, committed 35248K, reserved 1079296K
  class space    used 4167K, capacity 4536K, committed 4608K, reserved 1048576K
}
Event: 4.229 GC heap before
{Heap before GC invocations=5 (full 0):
 garbage-first heap   total 262144K, used 33999K [0x0000000700000000, 0x0000000800000000)
  region size 1024K, 26 young (26624K), 9 survivors (9216K)
 Metaspace       used 34744K, capacity 35648K, committed 35888K, reserved 1081344K
  class space    used 4276K, capacity 4660K, committed 4736K, reserved 1048576K
}
Event: 4.240 GC heap after
{Heap after GC invocations=6 (full 0):
 garbage-first heap   total 315392K, used 17331K [0x0000000700000000, 0x0000000800000000)
  region size 1024K, 9 young (9216K), 9 survivors (9216K)
 Metaspace       used 34744K, capacity 35648K, committed 35888K, reserved 1081344K
  class space    used 4276K, capacity 4660K, committed 4736K, reserved 1048576K
}
Event: 7.807 GC heap before
{Heap before GC invocations=7 (full 0):
 garbage-first heap   total 315392K, used 195507K [0x0000000700000000, 0x0000000800000000)
  region size 1024K, 184 young (188416K), 9 survivors (9216K)
 Metaspace       used 51977K, capacity 53391K, committed 53680K, reserved 1095680K
  class space    used 6582K, capacity 7138K, committed 7168K, reserved 1048576K
}
Event: 7.824 GC heap after
{Heap after GC invocations=8 (full 0):
 garbage-first heap   total 315392K, used 25309K [0x0000000700000000, 0x0000000800000000)
  region size 1024K, 16 young (16384K), 16 survivors (16384K)
 Metaspace       used 51977K, capacity 53391K, committed 53680K, reserved 1095680K
  class space    used 6582K, capacity 7138K, committed 7168K, reserved 1048576K
}
Event: 8.448 GC heap before
{Heap before GC invocations=8 (full 0):
 garbage-first heap   total 315392K, used 88797K [0x0000000700000000, 0x0000000800000000)
  region size 1024K, 77 young (78848K), 16 survivors (16384K)
 Metaspace       used 58518K, capacity 60009K, committed 60240K, reserved 1101824K
  class space    used 7575K, capacity 8166K, committed 8192K, reserved 1048576K
}
Event: 8.467 GC heap after
{Heap after GC invocations=9 (full 0):
 garbage-first heap   total 315392K, used 28967K [0x0000000700000000, 0x0000000800000000)
  region size 1024K, 14 young (14336K), 14 survivors (14336K)
 Metaspace       used 58518K, capacity 60009K, committed 60240K, reserved 1101824K
  class space    used 7575K, capacity 8166K, committed 8192K, reserved 1048576K
}
Event: 10.266 GC heap before
{Heap before GC invocations=10 (full 0):
 garbage-first heap   total 315392K, used 191783K [0x0000000700000000, 0x0000000800000000)
  region size 1024K, 174 young (178176K), 14 survivors (14336K)
 Metaspace       used 70268K, capacity 72233K, committed 72368K, reserved 1112064K
  class space    used 9159K, capacity 9947K, committed 9984K, reserved 1048576K
}
Event: 10.285 GC heap after
{Heap after GC invocations=11 (full 0):
 garbage-first heap   total 315392K, used 34771K [0x0000000700000000, 0x0000000800000000)
  region size 1024K, 16 young (16384K), 16 survivors (16384K)
 Metaspace       used 70268K, capacity 72233K, committed 72368K, reserved 1112064K
  class space    used 9159K, capacity 9947K, committed 9984K, reserved 1048576K
}

